<?xml version="1.0" encoding="UTF-8"?>
<testsuite name="GitInternalsTest" tests="1" skipped="0" failures="0" errors="0" timestamp="2022-12-12T09:51:49" hostname="sbpltkywwqqj7" time="0.096">
  <properties/>
  <testcase name="start" classname="GitInternalsTest" time="0.096"/>
  <system-out><![CDATA[?[1;31m
Start test 1?[0m
Enter .git directory location:
> test/gitone
Enter git object hash:
> 0eee6a98471a350b2c2316313114185ecaf82f0e
type:commit length:216
?[1;31m
Start test 2?[0m
Enter .git directory location:
> test/gitone
Enter git object hash:
> 490f96725348e92770d3c6bab9ec532564b7ebe0
type:blob length:85
?[1;31m
Start test 3?[0m
Enter .git directory location:
> test/gitone
Enter git object hash:
> 618383db6d7ee3bd2e97b871205f113b6a3ba854
type:blob length:14
?[1;31m
Start test 4?[0m
Enter .git directory location:
> test/gitone
Enter git object hash:
> a7b882bbf2db5d90287e9affc7e6f3b3c740b327
type:tree length:35
?[1;31m
Start test 5?[0m
Enter .git directory location:
> test/gitone
Enter git object hash:
> fb043556c251cb450a0d55e4ceb1ff35e12029c3
type:tree length:73
?[1;31m
Start test 6?[0m
Enter .git directory location:
> test/gitone
Enter git object hash:
> ad3a818dc87b9940935b24a5aa93fac00f086bf9
type:tree length:35
]]></system-out>
  <system-err><![CDATA[]]></system-err>
</testsuite>
